<?xml version="1.0" encoding="UTF-8"?>
<!-- Generated by org.testng.reporters.JUnitXMLReporter -->
<testsuite ignored="0" hostname="Amitesh" failures="1" tests="11" name="Test" time="90.212" errors="0" timestamp="2026-03-22T02:29:20 IST">
  <testcase classname="com.runner.NaukariRunner" name="loginPage" time="4.496"/>
  <testcase classname="com.runner.NaukariRunner" name="profileUpdate" time="18.371"/>
  <testcase classname="com.runner.NaukariRunner" name="resumeUploadPage" time="2.846"/>
  <testcase classname="com.runner.NaukariRunner" name="resumeHeadlinePage" time="1.879"/>
  <testcase classname="com.runner.NaukariRunner" name="keySkillsPage" time="1.998"/>
  <testcase classname="com.runner.NaukariRunner" name="employementPage" time="6.671">
    <failure type="java.lang.AssertionError" message="ERROR : OCCUR DURING CLICK ACTION">
      <![CDATA[java.lang.AssertionError: ERROR : OCCUR DURING CLICK ACTION
at com.base.Base_Class.clickOnElement(Base_Class.java:111)
at com.pageobjectmodel.EmploymentPage.fillEmploymentDetails(EmploymentPage.java:67)
at com.runner.NaukariRunner.employementPage(NaukariRunner.java:66)
at java.base/java.util.ArrayList.forEach(ArrayList.java:1596)
... Removed 26 stack frames]]>
    </failure>
  </testcase> <!-- employementPage -->
  <testcase classname="com.runner.NaukariRunner" name="educationPage" time="27.776"/>
  <testcase classname="com.runner.NaukariRunner" name="itSkillsPage" time="9.472"/>
  <testcase classname="com.runner.NaukariRunner" name="profileSummaryPage" time="3.344"/>
  <testcase classname="com.runner.NaukariRunner" name="careeProfilePage" time="3.454"/>
  <testcase classname="com.runner.NaukariRunner" name="logoutPage" time="1.913"/>
</testsuite> <!-- Test -->
