<?xml version="1.0" encoding="UTF-8"?>
<testng-results ignored="0" total="11" passed="10" failed="1" skipped="0">
  <reporter-output>
  </reporter-output>
  <suite started-at="2026-03-22T02:27:50 IST" name="Suite" finished-at="2026-03-22T02:29:20 IST" duration-ms="90212">
    <groups>
    </groups>
    <test started-at="2026-03-22T02:27:50 IST" name="Test" finished-at="2026-03-22T02:29:20 IST" duration-ms="90212">
      <class name="com.runner.NaukariRunner">
        <test-method is-config="true" signature="extentReportStartUp()[pri:0, instance:com.runner.NaukariRunner@5dda768f]" started-at="2026-03-22T02:27:50 IST" name="extentReportStartUp" finished-at="2026-03-22T02:27:50 IST" duration-ms="187" status="PASS">
          <reporter-output>
          </reporter-output>
        </test-method> <!-- extentReportStartUp -->
        <test-method is-config="true" signature="propertySetup()[pri:0, instance:com.runner.NaukariRunner@5dda768f]" started-at="2026-03-22T02:27:50 IST" name="propertySetup" finished-at="2026-03-22T02:27:53 IST" duration-ms="3166" status="PASS">
          <reporter-output>
          </reporter-output>
        </test-method> <!-- propertySetup -->
        <test-method signature="loginPage()[pri:1, instance:com.runner.NaukariRunner@5dda768f]" started-at="2026-03-22T02:27:53 IST" name="loginPage" finished-at="2026-03-22T02:27:58 IST" duration-ms="4496" status="PASS">
          <reporter-output>
          </reporter-output>
        </test-method> <!-- loginPage -->
        <test-method signature="profileUpdate()[pri:2, instance:com.runner.NaukariRunner@5dda768f]" started-at="2026-03-22T02:27:58 IST" name="profileUpdate" finished-at="2026-03-22T02:28:16 IST" duration-ms="18371" status="PASS">
          <reporter-output>
          </reporter-output>
        </test-method> <!-- profileUpdate -->
        <test-method signature="resumeUploadPage()[pri:3, instance:com.runner.NaukariRunner@5dda768f]" started-at="2026-03-22T02:28:17 IST" name="resumeUploadPage" finished-at="2026-03-22T02:28:20 IST" duration-ms="2846" status="PASS">
          <reporter-output>
          </reporter-output>
        </test-method> <!-- resumeUploadPage -->
        <test-method signature="resumeHeadlinePage()[pri:4, instance:com.runner.NaukariRunner@5dda768f]" started-at="2026-03-22T02:28:20 IST" name="resumeHeadlinePage" finished-at="2026-03-22T02:28:22 IST" duration-ms="1879" status="PASS">
          <reporter-output>
          </reporter-output>
        </test-method> <!-- resumeHeadlinePage -->
        <test-method signature="keySkillsPage()[pri:5, instance:com.runner.NaukariRunner@5dda768f]" started-at="2026-03-22T02:28:22 IST" name="keySkillsPage" finished-at="2026-03-22T02:28:24 IST" duration-ms="1998" status="PASS">
          <reporter-output>
          </reporter-output>
        </test-method> <!-- keySkillsPage -->
        <test-method signature="employementPage()[pri:6, instance:com.runner.NaukariRunner@5dda768f]" started-at="2026-03-22T02:28:24 IST" name="employementPage" finished-at="2026-03-22T02:28:31 IST" duration-ms="6671" status="FAIL">
          <exception class="java.lang.AssertionError">
            <message>
              <![CDATA[ERROR : OCCUR DURING CLICK ACTION]]>
            </message>
            <full-stacktrace>
              <![CDATA[java.lang.AssertionError: ERROR : OCCUR DURING CLICK ACTION
at org.testng.Assert.fail(Assert.java:111)
at com.base.Base_Class.clickOnElement(Base_Class.java:111)
at com.pageobjectmodel.EmploymentPage.fillEmploymentDetails(EmploymentPage.java:67)
at com.runner.NaukariRunner.employementPage(NaukariRunner.java:66)
at java.base/jdk.internal.reflect.DirectMethodHandleAccessor.invoke(DirectMethodHandleAccessor.java:103)
at java.base/java.lang.reflect.Method.invoke(Method.java:580)
at org.testng.internal.invokers.MethodInvocationHelper.invokeMethod(MethodInvocationHelper.java:141)
at org.testng.internal.invokers.TestInvoker.invokeMethod(TestInvoker.java:687)
at org.testng.internal.invokers.TestInvoker.invokeTestMethod(TestInvoker.java:230)
at org.testng.internal.invokers.MethodRunner.runInSequence(MethodRunner.java:63)
at org.testng.internal.invokers.TestInvoker$MethodInvocationAgent.invoke(TestInvoker.java:995)
at org.testng.internal.invokers.TestInvoker.invokeTestMethods(TestInvoker.java:203)
at org.testng.internal.invokers.TestMethodWorker.invokeTestMethods(TestMethodWorker.java:154)
at org.testng.internal.invokers.TestMethodWorker.run(TestMethodWorker.java:134)
at java.base/java.util.ArrayList.forEach(ArrayList.java:1596)
at org.testng.TestRunner.privateRun(TestRunner.java:741)
at org.testng.TestRunner.run(TestRunner.java:616)
at org.testng.SuiteRunner.runTest(SuiteRunner.java:421)
at org.testng.SuiteRunner.runSequentially(SuiteRunner.java:413)
at org.testng.SuiteRunner.privateRun(SuiteRunner.java:373)
at org.testng.SuiteRunner.run(SuiteRunner.java:312)
at org.testng.SuiteRunnerWorker.runSuite(SuiteRunnerWorker.java:52)
at org.testng.SuiteRunnerWorker.run(SuiteRunnerWorker.java:95)
at org.testng.TestNG.runSuitesSequentially(TestNG.java:1274)
at org.testng.TestNG.runSuitesLocally(TestNG.java:1208)
at org.testng.TestNG.runSuites(TestNG.java:1112)
at org.testng.TestNG.run(TestNG.java:1079)
at org.testng.remote.AbstractRemoteTestNG.run(AbstractRemoteTestNG.java:115)
at org.testng.remote.RemoteTestNG.initAndRun(RemoteTestNG.java:293)
at org.testng.remote.RemoteTestNG.main(RemoteTestNG.java:91)
]]>
            </full-stacktrace>
          </exception> <!-- java.lang.AssertionError -->
          <reporter-output>
          </reporter-output>
        </test-method> <!-- employementPage -->
        <test-method signature="educationPage()[pri:7, instance:com.runner.NaukariRunner@5dda768f]" started-at="2026-03-22T02:28:31 IST" name="educationPage" finished-at="2026-03-22T02:28:59 IST" duration-ms="27776" status="PASS">
          <reporter-output>
          </reporter-output>
        </test-method> <!-- educationPage -->
        <test-method signature="itSkillsPage()[pri:8, instance:com.runner.NaukariRunner@5dda768f]" started-at="2026-03-22T02:28:59 IST" name="itSkillsPage" finished-at="2026-03-22T02:29:08 IST" duration-ms="9472" status="PASS">
          <reporter-output>
          </reporter-output>
        </test-method> <!-- itSkillsPage -->
        <test-method signature="profileSummaryPage()[pri:9, instance:com.runner.NaukariRunner@5dda768f]" started-at="2026-03-22T02:29:08 IST" name="profileSummaryPage" finished-at="2026-03-22T02:29:12 IST" duration-ms="3344" status="PASS">
          <reporter-output>
          </reporter-output>
        </test-method> <!-- profileSummaryPage -->
        <test-method signature="careeProfilePage()[pri:10, instance:com.runner.NaukariRunner@5dda768f]" started-at="2026-03-22T02:29:12 IST" name="careeProfilePage" finished-at="2026-03-22T02:29:15 IST" duration-ms="3454" status="PASS">
          <reporter-output>
          </reporter-output>
        </test-method> <!-- careeProfilePage -->
        <test-method signature="logoutPage()[pri:11, instance:com.runner.NaukariRunner@5dda768f]" started-at="2026-03-22T02:29:15 IST" name="logoutPage" finished-at="2026-03-22T02:29:17 IST" duration-ms="1913" status="PASS">
          <reporter-output>
          </reporter-output>
        </test-method> <!-- logoutPage -->
        <test-method is-config="true" signature="terminateBrowser()[pri:0, instance:com.runner.NaukariRunner@5dda768f]" started-at="2026-03-22T02:29:20 IST" name="terminateBrowser" finished-at="2026-03-22T02:29:20 IST" duration-ms="448" status="PASS">
          <reporter-output>
          </reporter-output>
        </test-method> <!-- terminateBrowser -->
        <test-method is-config="true" signature="extendReportEnd()[pri:0, instance:com.runner.NaukariRunner@5dda768f]" started-at="2026-03-22T02:29:20 IST" name="extendReportEnd" finished-at="2026-03-22T02:29:22 IST" duration-ms="1306" status="PASS">
          <reporter-output>
          </reporter-output>
        </test-method> <!-- extendReportEnd -->
      </class> <!-- com.runner.NaukariRunner -->
    </test> <!-- Test -->
  </suite> <!-- Suite -->
</testng-results>
