<?xml version="1.0" encoding="UTF-8"?>
<!-- Generated by org.testng.reporters.JUnitReportReporter -->
<testsuite hostname="Amitesh" failures="1" tests="11" name="com.runner.NaukariRunner" time="82.220" errors="0" timestamp="2026-03-22T02:29:22 IST" skipped="0">
  <testcase classname="com.runner.NaukariRunner" name="loginPage" time="4.496"/>
  <testcase classname="com.runner.NaukariRunner" name="profileUpdate" time="18.371"/>
  <testcase classname="com.runner.NaukariRunner" name="resumeUploadPage" time="2.846"/>
  <testcase classname="com.runner.NaukariRunner" name="resumeHeadlinePage" time="1.879"/>
  <testcase classname="com.runner.NaukariRunner" name="keySkillsPage" time="1.998"/>
  <testcase classname="com.runner.NaukariRunner" name="employementPage" time="6.671">
    <failure message="ERROR : OCCUR DURING CLICK ACTION" type="java.lang.AssertionError">
      <![CDATA[java.lang.AssertionError: ERROR : OCCUR DURING CLICK ACTION
at org.testng.Assert.fail(Assert.java:111)
at com.base.Base_Class.clickOnElement(Base_Class.java:111)
at com.pageobjectmodel.EmploymentPage.fillEmploymentDetails(EmploymentPage.java:67)
at com.runner.NaukariRunner.employementPage(NaukariRunner.java:66)
at java.base/jdk.internal.reflect.DirectMethodHandleAccessor.invoke(DirectMethodHandleAccessor.java:103)
at java.base/java.lang.reflect.Method.invoke(Method.java:580)
at org.testng.internal.invokers.MethodInvocationHelper.invokeMethod(MethodInvocationHelper.java:141)
at org.testng.internal.invokers.TestInvoker.invokeMethod(TestInvoker.java:687)
at org.testng.internal.invokers.TestInvoker.invokeTestMethod(TestInvoker.java:230)
at org.testng.internal.invokers.MethodRunner.runInSequence(MethodRunner.java:63)
at org.testng.internal.invokers.TestInvoker$MethodInvocationAgent.invoke(TestInvoker.java:995)
at org.testng.internal.invokers.TestInvoker.invokeTestMethods(TestInvoker.java:203)
at org.testng.internal.invokers.TestMethodWorker.invokeTestMethods(TestMethodWorker.java:154)
at org.testng.internal.invokers.TestMethodWorker.run(TestMethodWorker.java:134)
at java.base/java.util.ArrayList.forEach(ArrayList.java:1596)
at org.testng.TestRunner.privateRun(TestRunner.java:741)
at org.testng.TestRunner.run(TestRunner.java:616)
at org.testng.SuiteRunner.runTest(SuiteRunner.java:421)
at org.testng.SuiteRunner.runSequentially(SuiteRunner.java:413)
at org.testng.SuiteRunner.privateRun(SuiteRunner.java:373)
at org.testng.SuiteRunner.run(SuiteRunner.java:312)
at org.testng.SuiteRunnerWorker.runSuite(SuiteRunnerWorker.java:52)
at org.testng.SuiteRunnerWorker.run(SuiteRunnerWorker.java:95)
at org.testng.TestNG.runSuitesSequentially(TestNG.java:1274)
at org.testng.TestNG.runSuitesLocally(TestNG.java:1208)
at org.testng.TestNG.runSuites(TestNG.java:1112)
at org.testng.TestNG.run(TestNG.java:1079)
at org.testng.remote.AbstractRemoteTestNG.run(AbstractRemoteTestNG.java:115)
at org.testng.remote.RemoteTestNG.initAndRun(RemoteTestNG.java:293)
at org.testng.remote.RemoteTestNG.main(RemoteTestNG.java:91)
]]>
    </failure>
  </testcase> <!-- employementPage -->
  <testcase classname="com.runner.NaukariRunner" name="educationPage" time="27.776"/>
  <testcase classname="com.runner.NaukariRunner" name="itSkillsPage" time="9.472"/>
  <testcase classname="com.runner.NaukariRunner" name="profileSummaryPage" time="3.344"/>
  <testcase classname="com.runner.NaukariRunner" name="careeProfilePage" time="3.454"/>
  <testcase classname="com.runner.NaukariRunner" name="logoutPage" time="1.913"/>
</testsuite> <!-- com.runner.NaukariRunner -->
